2024-02-22T22:16:31.785Z [info]: Incoming POST : /users
2024-02-22T22:17:20.307Z [info]: Incoming POST : /users/register
2024-02-22T22:19:24.669Z [info]: Incoming POST : /users
2024-02-22T22:19:37.910Z [info]: Incoming POST : /users/register
2024-02-22T22:53:03.372Z [info]: Incoming POST : /users/register
2024-02-22T23:00:36.531Z [info]: Incoming POST : /users/register
2024-02-22T23:00:36.755Z [error]: The conditional request failed
2024-02-22T23:00:46.638Z [info]: Incoming POST : /users/register
2024-02-22T23:02:03.592Z [info]: Incoming POST : /users/register
2024-02-22T23:02:03.830Z [error]: The conditional request failed
2024-02-22T23:08:45.308Z [info]: Incoming POST : /users/register
2024-02-22T23:08:45.531Z [error]: The conditional request failed
2024-02-22T23:09:46.415Z [info]: Incoming POST : /users/register
2024-02-22T23:09:46.666Z [error]: The conditional request failed
2024-02-22T23:10:06.984Z [info]: Incoming POST : /users/register
2024-02-22T23:10:07.209Z [error]: The conditional request failed
2024-02-22T23:10:31.974Z [info]: Incoming POST : /users/register
2024-02-22T23:10:32.185Z [error]: The conditional request failed
2024-02-22T23:12:03.858Z [info]: Incoming POST : /users/register
2024-02-22T23:12:04.072Z [error]: The conditional request failed
2024-02-22T23:17:47.091Z [info]: Incoming POST : /users/register
2024-02-22T23:17:47.285Z [error]: The conditional request failed
2024-02-22T23:18:03.381Z [info]: Incoming POST : /users/register
2024-02-22T23:18:59.224Z [info]: Incoming POST : /users/register
2024-02-22T23:19:24.593Z [info]: Incoming POST : /users/register
2024-02-22T23:19:24.682Z [error]: The conditional request failed
2024-02-22T23:19:30.524Z [info]: Incoming POST : /users/register
2024-02-22T23:19:41.406Z [info]: Incoming POST : /users/register
2024-02-22T23:19:41.597Z [error]: The conditional request failed
2024-02-22T23:19:43.600Z [info]: Incoming POST : /users/register
2024-02-22T23:19:43.673Z [error]: The conditional request failed
2024-02-22T23:23:20.604Z [info]: Incoming POST : /users/register
2024-02-22T23:23:20.814Z [error]: The conditional request failed
2024-02-22T23:24:38.617Z [info]: Incoming POST : /users/register
2024-02-22T23:24:38.828Z [error]: The conditional request failed
2024-02-22T23:26:13.569Z [info]: Incoming POST : /users/register
2024-02-22T23:26:13.791Z [error]: The conditional request failed
2024-02-22T23:30:15.142Z [info]: Incoming POST : /users/register
2024-02-22T23:30:15.365Z [error]: The conditional request failed
2024-02-22T23:30:22.252Z [info]: Incoming POST : /users/register
2024-02-22T23:33:04.616Z [info]: Incoming POST : /users/register
2024-02-22T23:33:04.860Z [error]: The conditional request failed
2024-02-22T23:39:34.850Z [info]: Incoming POST : /users/register
2024-02-22T23:39:35.051Z [error]: The conditional request failed
2024-02-23T01:30:42.615Z [info]: Incoming POST : /users/register
2024-02-23T01:30:42.885Z [error]: The conditional request failed
2024-02-23T01:32:28.126Z [info]: Incoming POST : /users/register
2024-02-23T01:33:05.629Z [info]: Incoming POST : /users/register
2024-02-23T17:21:38.621Z [info]: Incoming POST : /users/register
2024-02-23T17:22:19.689Z [info]: Incoming POST : /users/register
2024-02-23T17:33:47.648Z [info]: Incoming POST : /users/register
2024-02-23T17:36:36.847Z [info]: Incoming POST : /users/register
2024-02-23T17:37:37.140Z [info]: Incoming POST : /users/register
2024-02-23T17:38:06.357Z [info]: Incoming POST : /users/register
2024-02-23T17:39:33.832Z [info]: Incoming POST : /users/register
2024-02-23T17:39:33.986Z [error]: The conditional request failed
2024-02-23T18:25:30.346Z [info]: Incoming POST : /users/login
2024-02-23T18:26:16.727Z [info]: Incoming POST : /users/login
2024-02-23T18:27:09.655Z [info]: Incoming POST : /users/login
2024-02-23T18:28:06.151Z [info]: Incoming POST : /users/login
2024-02-23T18:35:32.877Z [info]: Incoming POST : /users/login
2024-02-23T18:41:56.448Z [info]: Incoming POST : /users/login
2024-02-23T18:42:21.196Z [info]: Incoming POST : /users/login
2024-02-23T18:45:02.578Z [info]: Incoming POST : /users/login
2024-02-23T18:47:55.669Z [info]: Incoming POST : /users/login
2024-02-23T18:48:17.681Z [info]: Incoming POST : /users/login
2024-02-23T18:49:16.132Z [info]: Incoming POST : /users/register
2024-02-23T18:49:19.178Z [info]: Incoming POST : /users/register
2024-02-23T18:49:22.190Z [info]: Incoming POST : /users/register
2024-02-23T18:49:53.093Z [info]: Incoming POST : /users/login
2024-02-23T18:53:51.465Z [info]: Incoming POST : /users/login
2024-02-23T18:59:11.525Z [info]: Incoming POST : /users/login
2024-02-23T18:59:43.227Z [info]: Incoming POST : /users/register
2024-02-23T18:59:46.771Z [info]: Incoming POST : /users/register
2024-02-23T18:59:50.283Z [info]: Incoming POST : /users/register
2024-02-23T18:59:56.741Z [info]: Incoming POST : /users/register
2024-02-23T19:00:00.142Z [info]: Incoming POST : /users/register
2024-02-23T19:00:20.171Z [info]: Incoming POST : /users/login
2024-02-23T19:03:28.260Z [info]: Incoming POST : /users/login
2024-02-23T19:03:43.460Z [info]: Incoming POST : /users/login
2024-02-23T19:05:39.995Z [info]: Incoming POST : /users/register
2024-02-23T19:06:12.613Z [info]: Incoming POST : /users/login
2024-02-23T19:06:20.138Z [info]: Incoming POST : /users/login
2024-02-23T20:39:10.352Z [info]: Incoming POST : /users/login
2024-02-23T20:49:36.025Z [info]: Incoming POST : /users/login
2024-02-23T20:49:36.202Z [error]: (...args) => defaultLogger[method](...args)
2024-02-23T21:09:22.713Z [info]: Incoming POST : /tickets/create
2024-02-23T21:14:13.558Z [info]: Incoming POST : /tickets/create
2024-02-23T21:15:44.416Z [info]: Incoming POST : /tickets/create
2024-02-23T21:16:03.901Z [info]: Incoming POST : /users/login
2024-02-23T21:16:37.257Z [info]: Incoming POST : /users/login
2024-02-23T21:16:37.406Z [error]: Cannot read properties of undefined (reading 'password')
2024-02-23T21:16:52.688Z [info]: Incoming POST : /users/register
2024-02-23T21:16:58.031Z [info]: Incoming POST : /users/login
2024-02-23T21:17:15.455Z [info]: Incoming POST : /tickets/create
2024-02-23T21:18:27.052Z [info]: Incoming POST : /tickets/create
2024-02-23T21:18:44.767Z [info]: Incoming POST : /tickets/create
2024-02-23T21:23:44.725Z [info]: Incoming POST : /tickets/create
2024-02-23T21:25:56.124Z [info]: Incoming POST : /tickets/create
2024-02-23T21:27:55.807Z [info]: Incoming POST : /tickets/create
2024-02-23T21:31:26.663Z [info]: Incoming POST : /users/login
2024-02-23T21:31:54.558Z [info]: Incoming POST : /tickets/create
2024-02-23T21:36:26.577Z [info]: Incoming POST : /tickets/create
2024-02-23T21:36:56.983Z [info]: Incoming POST : /tickets/create
2024-02-23T21:38:08.633Z [info]: Incoming POST : /tickets/create
2024-02-23T21:38:46.601Z [info]: Incoming POST : /tickets/create
2024-02-23T21:38:58.638Z [info]: Incoming POST : /tickets/create
2024-02-23T21:39:08.286Z [info]: Incoming POST : /tickets/create
2024-02-26T16:22:09.998Z [info]: Incoming POST : /users/login
2024-02-26T16:24:11.506Z [info]: Incoming PUT : /tickets/process
2024-02-26T16:25:18.398Z [info]: Incoming PUT : /tickets/process
2024-02-26T16:27:14.575Z [info]: Incoming PUT : /tickets/process
2024-02-26T16:28:05.655Z [info]: Incoming PUT : /tickets/process
2024-02-26T16:28:19.363Z [info]: Incoming PUT : /tickets/process
2024-02-26T16:30:29.288Z [info]: Incoming PUT : /tickets/process
2024-02-26T16:31:30.765Z [info]: Incoming PUT : /tickets/process
2024-02-26T16:33:19.353Z [info]: Incoming PUT : /tickets/process
2024-02-26T16:35:58.793Z [info]: Incoming POST : /tickets/create
2024-02-26T16:36:08.701Z [info]: Incoming POST : /tickets/create
2024-02-26T16:36:41.005Z [info]: Incoming POST : /tickets/create
2024-02-26T16:38:04.931Z [info]: Incoming POST : /tickets/create
2024-02-26T16:42:33.693Z [info]: Incoming POST : /tickets/create
2024-02-26T16:43:15.820Z [info]: Incoming POST : /tickets/create
2024-02-26T16:44:52.573Z [info]: Incoming POST : /tickets/create
2024-02-26T16:45:37.571Z [info]: Incoming PUT : /tickets/process
2024-02-26T16:47:23.807Z [info]: Incoming PUT : /tickets/process
2024-02-26T16:50:07.239Z [info]: Incoming PUT : /tickets/process
2024-02-26T16:52:36.547Z [info]: Incoming PUT : /tickets/process
2024-02-26T16:53:29.975Z [info]: Incoming PUT : /tickets/process
2024-02-26T16:54:05.658Z [info]: Incoming PUT : /tickets/process
2024-02-26T16:55:17.345Z [info]: Incoming PUT : /tickets/process
2024-02-26T16:56:10.107Z [info]: Incoming PUT : /tickets/process
2024-02-26T16:56:50.594Z [info]: Incoming PUT : /tickets/process
2024-02-26T16:57:12.936Z [info]: Incoming PUT : /tickets/process
2024-02-26T16:59:57.485Z [info]: Incoming PUT : /tickets/process
2024-02-26T17:00:08.398Z [info]: Incoming PATCH : /tickets/process
2024-02-26T17:01:23.744Z [info]: Incoming PATCH : /tickets/process
2024-02-26T17:03:34.226Z [info]: Incoming PATCH : /tickets/process
2024-02-26T17:06:29.655Z [info]: Incoming PATCH : /tickets/process
2024-02-26T17:07:40.573Z [info]: Incoming PATCH : /tickets/process
2024-02-26T17:08:08.726Z [info]: Incoming POST : /tickets/create
2024-02-26T17:08:12.396Z [info]: Incoming PATCH : /tickets/process
2024-02-26T17:08:55.180Z [info]: Incoming PATCH : /tickets/process
2024-02-26T17:10:36.902Z [info]: Incoming PATCH : /tickets/process
2024-02-26T17:10:44.271Z [info]: Incoming POST : /tickets/create
2024-02-26T17:10:49.668Z [info]: Incoming PATCH : /tickets/process
2024-02-26T17:11:16.278Z [info]: Incoming PATCH : /tickets/process
2024-02-26T17:12:57.074Z [info]: Incoming POST : /tickets/create
2024-02-26T17:13:01.967Z [info]: Incoming PATCH : /tickets/process
2024-02-26T17:13:14.113Z [info]: Incoming PATCH : /tickets/process
2024-02-26T17:13:14.148Z [error]: 1 validation error detected: Value null at 'key' failed to satisfy constraint: Member must not be null
2024-02-26T17:13:51.608Z [info]: Incoming POST : /tickets/create
2024-02-26T17:14:06.723Z [info]: Incoming PATCH : /tickets/process
2024-02-26T17:14:06.756Z [error]: 1 validation error detected: Value null at 'key' failed to satisfy constraint: Member must not be null
2024-02-26T17:16:40.643Z [info]: Incoming POST : /tickets/create
2024-02-26T17:16:52.715Z [info]: Incoming PATCH : /tickets/process
2024-02-26T17:16:52.747Z [error]: 1 validation error detected: Value null at 'key' failed to satisfy constraint: Member must not be null
2024-02-26T17:20:43.594Z [info]: Incoming POST : /tickets/create
2024-02-26T17:21:03.581Z [info]: Incoming PATCH : /tickets/process
2024-02-26T17:21:03.613Z [error]: 1 validation error detected: Value null at 'key' failed to satisfy constraint: Member must not be null
2024-02-26T17:32:06.139Z [info]: Incoming POST : /tickets/create
2024-02-26T17:32:18.694Z [info]: Incoming PATCH : /tickets/process
2024-02-26T17:32:18.730Z [error]: 1 validation error detected: Value null at 'key' failed to satisfy constraint: Member must not be null
2024-02-26T17:47:16.709Z [info]: Incoming POST : /tickets/create
2024-02-26T17:47:33.218Z [info]: Incoming PATCH : /tickets/approve?ticket_id=10bb7bc1-d581-432b-943a-f68d1da5c2b5
2024-02-26T17:48:11.284Z [info]: Incoming POST : /tickets/create
2024-02-26T17:48:27.216Z [info]: Incoming PATCH : /tickets/approve?ticket_id=533806df-f1ae-4f6e-b217-e2bd7b34cfd6
2024-02-26T17:48:51.909Z [info]: Incoming PUT : /tickets/approve?ticket_id=533806df-f1ae-4f6e-b217-e2bd7b34cfd6
2024-02-26T17:50:13.045Z [info]: Incoming POST : /tickets/create
2024-02-26T17:50:29.955Z [info]: Incoming PUT : /tickets/approve?ticket_id=6f5cb7f9-8e2c-4101-90e8-ff07d23a435a
2024-02-26T17:51:38.672Z [info]: Incoming POST : /tickets/create
2024-02-26T17:51:50.914Z [info]: Incoming PUT : /tickets/approve?ticket_id=26d222eb-ba5b-4c3d-89ef-035c2b400532
2024-02-26T17:52:26.611Z [info]: Incoming POST : /tickets/create
2024-02-26T17:52:38.389Z [info]: Incoming PUT : /tickets/approve?ticket_id=4cc4f20e-684f-43cd-b9c5-d9c662fd2b98
2024-02-26T17:56:41.592Z [info]: Incoming POST : /tickets/create
2024-02-26T17:56:58.460Z [info]: Incoming PUT : /tickets/approve?ticket_id=15c9ea37-3334-4a8d-8329-528ba1cceebf
2024-02-26T17:56:58.491Z [error]: 1 validation error detected: Value null at 'key' failed to satisfy constraint: Member must not be null
2024-02-26T17:57:28.708Z [info]: Incoming PUT : /tickets/approve?ticket_id=15c9ea37-3334-4a8d-8329-528ba1cceebf
2024-02-26T17:57:59.382Z [info]: Incoming PUT : /tickets/approve?ticket_id=15c9ea37-3334-4a8d-8329-528ba1cceebf
2024-02-26T17:57:59.410Z [error]: 1 validation error detected: Value null at 'key' failed to satisfy constraint: Member must not be null
2024-02-26T17:58:18.564Z [info]: Incoming PUT : /tickets/approve?ticket_id=15c9ea37-3334-4a8d-8329-528ba1cceebf
2024-02-26T17:58:18.592Z [error]: 1 validation error detected: Value null at 'key' failed to satisfy constraint: Member must not be null
2024-02-26T18:01:03.401Z [info]: Incoming POST : /tickets/create
2024-02-26T18:01:24.966Z [info]: Incoming PUT : /tickets/approve?ticket_id=6b2f80e5-5096-42ec-acc7-501fe6fa69e6
2024-02-26T18:01:25.006Z [error]: 1 validation error detected: Value null at 'key' failed to satisfy constraint: Member must not be null
2024-02-26T18:06:50.457Z [info]: Incoming POST : /tickets/create
2024-02-26T18:07:05.429Z [info]: Incoming POST : /tickets/create
2024-02-26T18:07:17.811Z [info]: Incoming PUT : /tickets/approve?ticket_id=68ee5642-3106-49da-8b5c-ceaa15c18167
2024-02-26T18:07:17.848Z [error]: 1 validation error detected: Value null at 'key' failed to satisfy constraint: Member must not be null
2024-02-26T18:08:53.024Z [info]: Incoming POST : /tickets/create
2024-02-26T18:09:03.964Z [info]: Incoming PUT : /tickets/approve?ticket_id=150cf5f3-917c-4feb-b897-9bac831f93a6
2024-02-26T18:09:04.045Z [error]: 1 validation error detected: Value null at 'key' failed to satisfy constraint: Member must not be null
2024-02-26T18:12:12.416Z [info]: Incoming POST : /tickets/create
2024-02-26T18:12:22.390Z [info]: Incoming PUT : /tickets/approve?ticket_id=24566734-7421-4b4c-b590-71c368b959c3
2024-02-26T18:12:22.424Z [error]: 1 validation error detected: Value null at 'key' failed to satisfy constraint: Member must not be null
2024-02-26T18:13:16.822Z [info]: Incoming POST : /tickets/create
2024-02-26T18:13:25.845Z [info]: Incoming PUT : /tickets/approve?ticket_id=8d8f6e10-6ac8-496d-9297-96c9a1d5b056
2024-02-26T18:14:49.283Z [info]: Incoming POST : /tickets/create
2024-02-26T18:15:12.150Z [info]: Incoming PUT : /tickets/approve?ticket_id=cadc1b1a-bf6d-47e1-87c6-45bccf2f6ab8
2024-02-26T18:19:40.536Z [info]: Incoming POST : /tickets/create
2024-02-26T18:20:04.508Z [info]: Incoming PUT : /tickets/approve?ticket_id=d73ec344-da05-441b-89c7-2bc45119b888&role=manager
2024-02-26T18:32:11.649Z [info]: Incoming POST : /tickets/create
2024-02-26T18:32:30.090Z [info]: Incoming POST : /tickets/create
2024-02-26T18:32:37.270Z [info]: Incoming POST : /tickets/create
2024-02-26T18:32:47.594Z [info]: Incoming PUT : /tickets/approve?ticket_id=c829d802-78d1-4d7e-8fe2-d429861f0296&role=manager
2024-02-26T18:33:34.376Z [info]: Incoming POST : /tickets/create
2024-02-26T18:33:41.117Z [info]: Incoming POST : /tickets/create
2024-02-26T18:33:47.772Z [info]: Incoming PUT : /tickets/approve?ticket_id=5991af07-fe24-44b8-8b91-16758e5998da&role=manager
2024-02-27T18:15:11.356Z [info]: Incoming POST : /users/login
2024-02-27T18:15:11.500Z [error]: Cannot read properties of undefined (reading 'password')
2024-02-27T18:15:33.524Z [info]: Incoming POST : /users/register
2024-02-27T18:15:39.683Z [info]: Incoming POST : /users/login
2024-02-27T18:16:10.121Z [info]: Incoming POST : /tickets/create
2024-02-27T18:16:34.120Z [info]: Incoming POST : /tickets/create
2024-02-27T18:16:48.437Z [info]: Incoming POST : /tickets/create
2024-02-27T18:19:35.331Z [info]: Incoming GET : /tickets/?user=vargas
2024-02-27T18:20:18.099Z [info]: Incoming GET : /tickets/?user=vargas
2024-02-27T18:22:35.105Z [info]: Incoming GET : /tickets/:vargas
2024-02-27T18:27:18.803Z [info]: Incoming GET : /tickets/vargas
